android/app/build/intermediates/manifest_merge_blame_file/release/manifest-merger-blame-release-report.txt
1<?xml version="1.0" encoding="utf-8"?>
2<manifest xmlns:android="http://schemas.android.com/apk/res/android"
3    package="com.umind"
4    android:versionCode="1"
5    android:versionName="1.0" >
6
7    <uses-sdk
8        android:minSdkVersion="21"
8-->src\main\AndroidManifest.xml
9        android:targetSdkVersion="33" />
9-->src\main\AndroidManifest.xml
10
11    <uses-permission android:name="android.permission.INTERNET" />
11-->src\main\AndroidManifest.xml:3:5-67
11-->src\main\AndroidManifest.xml:3:22-64
12    <uses-permission android:name="android.permission.ACCESS_WIFI_STATE" />
12-->src\main\AndroidManifest.xml:4:5-75
12-->src\main\AndroidManifest.xml:4:22-73
13    <uses-permission android:name="android.permission.ACCESS_NETWORK_STATE" />
13-->src\main\AndroidManifest.xml:5:5-78
13-->src\main\AndroidManifest.xml:5:22-76
14    <uses-permission android:name="android.permission.ACCESS_FINE_LOCATION" />
14-->src\main\AndroidManifest.xml:6:5-78
14-->src\main\AndroidManifest.xml:6:22-76
15    <uses-permission android:name="android.permission.RECEIVE_BOOT_COMPLETED" />
15-->src\main\AndroidManifest.xml:7:5-80
15-->src\main\AndroidManifest.xml:7:22-78
16    <uses-permission android:name="android.permission.QUERY_ALL_PACKAGES" />
16-->src\main\AndroidManifest.xml:8:5-76
16-->src\main\AndroidManifest.xml:8:22-74
17    <uses-permission android:name="android.permission.WRITE_EXTERNAL_STORAGE" />
17-->[:react-native-fs] AndroidManifest.xml:7:5-81
17-->[:react-native-fs] AndroidManifest.xml:7:22-78
18    <uses-permission android:name="android.permission.READ_EXTERNAL_STORAGE" />
19
20    <application
20-->src\main\AndroidManifest.xml:10:5-31:19
21        android:name="com.umind.MainApplication"
21-->src\main\AndroidManifest.xml:11:7-38
22        android:allowBackup="false"
22-->src\main\AndroidManifest.xml:15:7-34
23        android:appComponentFactory="androidx.core.app.CoreComponentFactory"
23-->[androidx.core:core:1.7.0] AndroidManifest.xml:24:18-86
24        android:icon="@mipmap/ic_launcher"
24-->src\main\AndroidManifest.xml:13:7-41
25        android:label="@string/app_name"
25-->src\main\AndroidManifest.xml:12:7-39
26        android:roundIcon="@mipmap/ic_launcher_round"
26-->src\main\AndroidManifest.xml:14:7-52
27        android:theme="@style/AppTheme"
27-->src\main\AndroidManifest.xml:16:7-38
28        android:usesCleartextTraffic="true" >
28-->src\main\AndroidManifest.xml:17:7-42
29        <activity
29-->src\main\AndroidManifest.xml:19:7-30:18
30            android:name="com.umind.MainActivity"
30-->src\main\AndroidManifest.xml:20:9-37
31            android:configChanges="keyboard|keyboardHidden|orientation|screenLayout|screenSize|smallestScreenSize|uiMode"
31-->src\main\AndroidManifest.xml:22:9-118
32            android:exported="true"
32-->src\main\AndroidManifest.xml:25:9-32
33            android:label="@string/app_name"
33-->src\main\AndroidManifest.xml:21:9-41
34            android:launchMode="singleTask"
34-->src\main\AndroidManifest.xml:23:9-40
35            android:windowSoftInputMode="adjustResize" >
35-->src\main\AndroidManifest.xml:24:9-51
36            <intent-filter>
36-->src\main\AndroidManifest.xml:26:9-29:25
37                <action android:name="android.intent.action.MAIN" />
37-->src\main\AndroidManifest.xml:27:13-65
37-->src\main\AndroidManifest.xml:27:21-62
38
39                <category android:name="android.intent.category.LAUNCHER" />
39-->src\main\AndroidManifest.xml:28:13-73
39-->src\main\AndroidManifest.xml:28:23-70
40            </intent-filter>
41        </activity>
42
43        <provider
43-->[:react-native-image-picker] AndroidManifest.xml:8:9-16:20
44            android:name="com.imagepicker.ImagePickerProvider"
44-->[:react-native-image-picker] AndroidManifest.xml:9:13-63
45            android:authorities="com.umind.imagepickerprovider"
45-->[:react-native-image-picker] AndroidManifest.xml:10:13-71
46            android:exported="false"
46-->[:react-native-image-picker] AndroidManifest.xml:11:13-37
47            android:grantUriPermissions="true" >
47-->[:react-native-image-picker] AndroidManifest.xml:12:13-47
48            <meta-data
48-->[:react-native-image-picker] AndroidManifest.xml:13:13-15:70
49                android:name="android.support.FILE_PROVIDER_PATHS"
49-->[:react-native-image-picker] AndroidManifest.xml:14:17-67
50                android:resource="@xml/imagepicker_provider_paths" />
50-->[:react-native-image-picker] AndroidManifest.xml:15:17-67
51        </provider>
52        <provider
52-->[androidx.emoji2:emoji2:1.0.0] AndroidManifest.xml:26:9-34:20
53            android:name="androidx.startup.InitializationProvider"
53-->[androidx.emoji2:emoji2:1.0.0] AndroidManifest.xml:27:13-67
54            android:authorities="com.umind.androidx-startup"
54-->[androidx.emoji2:emoji2:1.0.0] AndroidManifest.xml:28:13-68
55            android:exported="false" >
55-->[androidx.emoji2:emoji2:1.0.0] AndroidManifest.xml:29:13-37
56            <meta-data
56-->[androidx.emoji2:emoji2:1.0.0] AndroidManifest.xml:31:13-33:52
57                android:name="androidx.emoji2.text.EmojiCompatInitializer"
57-->[androidx.emoji2:emoji2:1.0.0] AndroidManifest.xml:32:17-75
58                android:value="androidx.startup" />
58-->[androidx.emoji2:emoji2:1.0.0] AndroidManifest.xml:33:17-49
59            <meta-data
59-->[androidx.lifecycle:lifecycle-process:2.4.0] AndroidManifest.xml:31:13-33:52
60                android:name="androidx.lifecycle.ProcessLifecycleInitializer"
60-->[androidx.lifecycle:lifecycle-process:2.4.0] AndroidManifest.xml:32:17-78
61                android:value="androidx.startup" />
61-->[androidx.lifecycle:lifecycle-process:2.4.0] AndroidManifest.xml:33:17-49
62        </provider>
63
64        <meta-data
64-->[com.facebook.soloader:soloader:0.10.5] AndroidManifest.xml:12:9-14:37
65            android:name="com.facebook.soloader.enabled"
65-->[com.facebook.soloader:soloader:0.10.5] AndroidManifest.xml:13:13-57
66            android:value="false" />
66-->[com.facebook.soloader:soloader:0.10.5] AndroidManifest.xml:14:13-34
67    </application>
68
69</manifest>